---------- Date: 2014-05-26 09:50:00 ~ IP : 127.0.0.1 ----------
REQUEST URI : /admin/
DOM UNABLE TO LOAD: C:\wamp\www\fittedalarms\vqmod/xml/checkoutdesign_changes.xml
----------------------------------------------------------------------


---------- Date: 2014-05-26 09:50:04 ~ IP : 127.0.0.1 ----------
REQUEST URI : /admin/index.php?route=common/login
DOM UNABLE TO LOAD: C:\wamp\www\fittedalarms\vqmod/xml/checkoutdesign_changes.xml
----------------------------------------------------------------------


---------- Date: 2014-05-26 09:50:05 ~ IP : 127.0.0.1 ----------
REQUEST URI : /admin/index.php?route=common/home&amp;token=646b2f404758fc69bf2aad93dabc8d45
DOM UNABLE TO LOAD: C:\wamp\www\fittedalarms\vqmod/xml/checkoutdesign_changes.xml
----------------------------------------------------------------------


---------- Date: 2014-05-26 09:50:06 ~ IP : 127.0.0.1 ----------
REQUEST URI : /admin/index.php?route=common/home/chart&amp;token=646b2f404758fc69bf2aad93dabc8d45&amp;range=day
DOM UNABLE TO LOAD: C:\wamp\www\fittedalarms\vqmod/xml/checkoutdesign_changes.xml
----------------------------------------------------------------------


---------- Date: 2014-05-26 12:02:32 ~ IP : 127.0.0.1 ----------
REQUEST URI : /
DOM UNABLE TO LOAD: C:\wamp\www\fittedalarms\vqmod/xml/checkoutdesign_changes.xml
MOD DETAILS:
   modFile   : C:\wamp\www\fittedalarms\vqmod/xml/add-new-module-position.xml
   id        : Add new module positions (Menu - Footer)
   version   : 1.0.1
   vqmver    : 2.3.0
   author    : Fabius - http://opencartit.altervista.org
SEARCH NOT FOUND (ABORTING MOD): <?php echo $powered; ?>

----------------------------------------------------------------------


---------- Date: 2014-05-26 12:02:39 ~ IP : 127.0.0.1 ----------
REQUEST URI : /index.php?route=product/product&amp;product_id=52
DOM UNABLE TO LOAD: C:\wamp\www\fittedalarms\vqmod/xml/checkoutdesign_changes.xml
MOD DETAILS:
   modFile   : C:\wamp\www\fittedalarms\vqmod/xml/add-new-module-position.xml
   id        : Add new module positions (Menu - Footer)
   version   : 1.0.1
   vqmver    : 2.3.0
   author    : Fabius - http://opencartit.altervista.org
SEARCH NOT FOUND (ABORTING MOD): <?php echo $powered; ?>

----------------------------------------------------------------------


---------- Date: 2014-05-26 12:02:39 ~ IP : 127.0.0.1 ----------
REQUEST URI : /index.php?route=product/product/captcha
DOM UNABLE TO LOAD: C:\wamp\www\fittedalarms\vqmod/xml/checkoutdesign_changes.xml
----------------------------------------------------------------------


---------- Date: 2014-05-26 12:02:40 ~ IP : 127.0.0.1 ----------
REQUEST URI : /index.php?route=product/product/review&amp;product_id=52
DOM UNABLE TO LOAD: C:\wamp\www\fittedalarms\vqmod/xml/checkoutdesign_changes.xml
----------------------------------------------------------------------


---------- Date: 2014-05-26 12:02:41 ~ IP : 127.0.0.1 ----------
REQUEST URI : /index.php?route=account/account
DOM UNABLE TO LOAD: C:\wamp\www\fittedalarms\vqmod/xml/checkoutdesign_changes.xml
----------------------------------------------------------------------


---------- Date: 2014-05-26 12:02:42 ~ IP : 127.0.0.1 ----------
REQUEST URI : /index.php?route=account/login
DOM UNABLE TO LOAD: C:\wamp\www\fittedalarms\vqmod/xml/checkoutdesign_changes.xml
MOD DETAILS:
   modFile   : C:\wamp\www\fittedalarms\vqmod/xml/anterp.xml
   id        : AntERP Data Sync Suites
   version   : 1.5.5.x
   vqmver    : 2.3.0
   author    : tclim - www.anterp.com
SEARCH NOT FOUND (ABORTING MOD): $this->db->query("UPDATE " . DB_PREFIX . "customer SET firstname = '" . $this->db->escape($data['firstname']) . "', lastname = '" . $this->db->escape($data['lastname']) . "', email = '" . $this->db->escape($data['email']) . "', telephone = '" . $this->db->escape($data['telephone']) . "', fax = '" . $this->db->escape($data['fax']) . "' WHERE customer_id = '" . (int)$this->customer->getId() . "'");
MOD DETAILS:
   modFile   : C:\wamp\www\fittedalarms\vqmod/xml/add-new-module-position.xml
   id        : Add new module positions (Menu - Footer)
   version   : 1.0.1
   vqmver    : 2.3.0
   author    : Fabius - http://opencartit.altervista.org
SEARCH NOT FOUND (ABORTING MOD): <?php echo $powered; ?>

----------------------------------------------------------------------


---------- Date: 2014-05-26 12:02:46 ~ IP : 127.0.0.1 ----------
REQUEST URI : /index.php?route=account/login
DOM UNABLE TO LOAD: C:\wamp\www\fittedalarms\vqmod/xml/checkoutdesign_changes.xml
MOD DETAILS:
   modFile   : C:\wamp\www\fittedalarms\vqmod/xml/anterp.xml
   id        : AntERP Data Sync Suites
   version   : 1.5.5.x
   vqmver    : 2.3.0
   author    : tclim - www.anterp.com
SEARCH NOT FOUND (ABORTING MOD): $this->db->query("UPDATE " . DB_PREFIX . "customer SET firstname = '" . $this->db->escape($data['firstname']) . "', lastname = '" . $this->db->escape($data['lastname']) . "', email = '" . $this->db->escape($data['email']) . "', telephone = '" . $this->db->escape($data['telephone']) . "', fax = '" . $this->db->escape($data['fax']) . "' WHERE customer_id = '" . (int)$this->customer->getId() . "'");
----------------------------------------------------------------------


---------- Date: 2014-05-26 12:02:46 ~ IP : 127.0.0.1 ----------
REQUEST URI : /index.php?route=account/account
DOM UNABLE TO LOAD: C:\wamp\www\fittedalarms\vqmod/xml/checkoutdesign_changes.xml
MOD DETAILS:
   modFile   : C:\wamp\www\fittedalarms\vqmod/xml/add-new-module-position.xml
   id        : Add new module positions (Menu - Footer)
   version   : 1.0.1
   vqmver    : 2.3.0
   author    : Fabius - http://opencartit.altervista.org
SEARCH NOT FOUND (ABORTING MOD): <?php echo $powered; ?>

----------------------------------------------------------------------


---------- Date: 2014-05-26 12:02:51 ~ IP : 127.0.0.1 ----------
REQUEST URI : /index.php?route=common/home
DOM UNABLE TO LOAD: C:\wamp\www\fittedalarms\vqmod/xml/checkoutdesign_changes.xml
MOD DETAILS:
   modFile   : C:\wamp\www\fittedalarms\vqmod/xml/add-new-module-position.xml
   id        : Add new module positions (Menu - Footer)
   version   : 1.0.1
   vqmver    : 2.3.0
   author    : Fabius - http://opencartit.altervista.org
SEARCH NOT FOUND (ABORTING MOD): <?php echo $powered; ?>

----------------------------------------------------------------------


---------- Date: 2014-05-26 12:02:54 ~ IP : 127.0.0.1 ----------
REQUEST URI : /index.php?route=product/product&amp;product_id=55
DOM UNABLE TO LOAD: C:\wamp\www\fittedalarms\vqmod/xml/checkoutdesign_changes.xml
MOD DETAILS:
   modFile   : C:\wamp\www\fittedalarms\vqmod/xml/add-new-module-position.xml
   id        : Add new module positions (Menu - Footer)
   version   : 1.0.1
   vqmver    : 2.3.0
   author    : Fabius - http://opencartit.altervista.org
SEARCH NOT FOUND (ABORTING MOD): <?php echo $powered; ?>

----------------------------------------------------------------------


---------- Date: 2014-05-26 12:02:55 ~ IP : 127.0.0.1 ----------
REQUEST URI : /index.php?route=product/product/captcha
DOM UNABLE TO LOAD: C:\wamp\www\fittedalarms\vqmod/xml/checkoutdesign_changes.xml
----------------------------------------------------------------------


---------- Date: 2014-05-26 12:02:55 ~ IP : 127.0.0.1 ----------
REQUEST URI : /index.php?route=product/product/review&amp;product_id=55
DOM UNABLE TO LOAD: C:\wamp\www\fittedalarms\vqmod/xml/checkoutdesign_changes.xml
----------------------------------------------------------------------


---------- Date: 2014-05-26 12:02:56 ~ IP : 127.0.0.1 ----------
REQUEST URI : /index.php?route=checkout/cart/add
DOM UNABLE TO LOAD: C:\wamp\www\fittedalarms\vqmod/xml/checkoutdesign_changes.xml
----------------------------------------------------------------------


---------- Date: 2014-05-26 12:02:57 ~ IP : 127.0.0.1 ----------
REQUEST URI : /index.php?route=module/cart
DOM UNABLE TO LOAD: C:\wamp\www\fittedalarms\vqmod/xml/checkoutdesign_changes.xml
----------------------------------------------------------------------


---------- Date: 2014-05-26 12:03:04 ~ IP : 127.0.0.1 ----------
REQUEST URI : /index.php?route=module/cart
DOM UNABLE TO LOAD: C:\wamp\www\fittedalarms\vqmod/xml/checkoutdesign_changes.xml
----------------------------------------------------------------------


---------- Date: 2014-05-26 12:03:05 ~ IP : 127.0.0.1 ----------
REQUEST URI : /index.php?route=checkout/cart
DOM UNABLE TO LOAD: C:\wamp\www\fittedalarms\vqmod/xml/checkoutdesign_changes.xml
MOD DETAILS:
   modFile   : C:\wamp\www\fittedalarms\vqmod/xml/add-new-module-position.xml
   id        : Add new module positions (Menu - Footer)
   version   : 1.0.1
   vqmver    : 2.3.0
   author    : Fabius - http://opencartit.altervista.org
SEARCH NOT FOUND (ABORTING MOD): <?php echo $powered; ?>

----------------------------------------------------------------------


---------- Date: 2014-05-26 12:03:08 ~ IP : 127.0.0.1 ----------
REQUEST URI : /index.php?route=checkout/cart&amp;emptycart=1
DOM UNABLE TO LOAD: C:\wamp\www\fittedalarms\vqmod/xml/checkoutdesign_changes.xml
----------------------------------------------------------------------


---------- Date: 2014-05-26 12:03:09 ~ IP : 127.0.0.1 ----------
REQUEST URI : /index.php?route=checkout/cart
DOM UNABLE TO LOAD: C:\wamp\www\fittedalarms\vqmod/xml/checkoutdesign_changes.xml
MOD DETAILS:
   modFile   : C:\wamp\www\fittedalarms\vqmod/xml/add-new-module-position.xml
   id        : Add new module positions (Menu - Footer)
   version   : 1.0.1
   vqmver    : 2.3.0
   author    : Fabius - http://opencartit.altervista.org
SEARCH NOT FOUND (ABORTING MOD): <?php echo $powered; ?>

----------------------------------------------------------------------


---------- Date: 2014-05-26 12:03:11 ~ IP : 127.0.0.1 ----------
REQUEST URI : /index.php?route=account/account
DOM UNABLE TO LOAD: C:\wamp\www\fittedalarms\vqmod/xml/checkoutdesign_changes.xml
MOD DETAILS:
   modFile   : C:\wamp\www\fittedalarms\vqmod/xml/add-new-module-position.xml
   id        : Add new module positions (Menu - Footer)
   version   : 1.0.1
   vqmver    : 2.3.0
   author    : Fabius - http://opencartit.altervista.org
SEARCH NOT FOUND (ABORTING MOD): <?php echo $powered; ?>

----------------------------------------------------------------------


---------- Date: 2014-05-26 12:03:12 ~ IP : 127.0.0.1 ----------
REQUEST URI : /index.php?route=account/logout
DOM UNABLE TO LOAD: C:\wamp\www\fittedalarms\vqmod/xml/checkoutdesign_changes.xml
----------------------------------------------------------------------


---------- Date: 2014-05-26 12:03:13 ~ IP : 127.0.0.1 ----------
REQUEST URI : /index.php?route=account/logout
DOM UNABLE TO LOAD: C:\wamp\www\fittedalarms\vqmod/xml/checkoutdesign_changes.xml
MOD DETAILS:
   modFile   : C:\wamp\www\fittedalarms\vqmod/xml/add-new-module-position.xml
   id        : Add new module positions (Menu - Footer)
   version   : 1.0.1
   vqmver    : 2.3.0
   author    : Fabius - http://opencartit.altervista.org
SEARCH NOT FOUND (ABORTING MOD): <?php echo $powered; ?>

MOD DETAILS:
   modFile   : C:\wamp\www\fittedalarms\vqmod/xml/replace_successtpl.xml
   id        : Replace page
   version   : 2.1
   vqmver    : 2.0
   author    : lorath
SEARCH NOT FOUND (ABORTING MOD): <?php echo $header; ?><?php echo $column_left; ?><?php echo $column_right; ?>

----------------------------------------------------------------------


---------- Date: 2014-05-26 12:03:14 ~ IP : 127.0.0.1 ----------
REQUEST URI : /index.php?route=account/account
DOM UNABLE TO LOAD: C:\wamp\www\fittedalarms\vqmod/xml/checkoutdesign_changes.xml
----------------------------------------------------------------------


---------- Date: 2014-05-26 12:03:15 ~ IP : 127.0.0.1 ----------
REQUEST URI : /index.php?route=account/login
DOM UNABLE TO LOAD: C:\wamp\www\fittedalarms\vqmod/xml/checkoutdesign_changes.xml
MOD DETAILS:
   modFile   : C:\wamp\www\fittedalarms\vqmod/xml/anterp.xml
   id        : AntERP Data Sync Suites
   version   : 1.5.5.x
   vqmver    : 2.3.0
   author    : tclim - www.anterp.com
SEARCH NOT FOUND (ABORTING MOD): $this->db->query("UPDATE " . DB_PREFIX . "customer SET firstname = '" . $this->db->escape($data['firstname']) . "', lastname = '" . $this->db->escape($data['lastname']) . "', email = '" . $this->db->escape($data['email']) . "', telephone = '" . $this->db->escape($data['telephone']) . "', fax = '" . $this->db->escape($data['fax']) . "' WHERE customer_id = '" . (int)$this->customer->getId() . "'");
MOD DETAILS:
   modFile   : C:\wamp\www\fittedalarms\vqmod/xml/add-new-module-position.xml
   id        : Add new module positions (Menu - Footer)
   version   : 1.0.1
   vqmver    : 2.3.0
   author    : Fabius - http://opencartit.altervista.org
SEARCH NOT FOUND (ABORTING MOD): <?php echo $powered; ?>

----------------------------------------------------------------------


---------- Date: 2014-05-26 12:03:16 ~ IP : 127.0.0.1 ----------
REQUEST URI : /index.php?route=account/login
DOM UNABLE TO LOAD: C:\wamp\www\fittedalarms\vqmod/xml/checkoutdesign_changes.xml
MOD DETAILS:
   modFile   : C:\wamp\www\fittedalarms\vqmod/xml/anterp.xml
   id        : AntERP Data Sync Suites
   version   : 1.5.5.x
   vqmver    : 2.3.0
   author    : tclim - www.anterp.com
SEARCH NOT FOUND (ABORTING MOD): $this->db->query("UPDATE " . DB_PREFIX . "customer SET firstname = '" . $this->db->escape($data['firstname']) . "', lastname = '" . $this->db->escape($data['lastname']) . "', email = '" . $this->db->escape($data['email']) . "', telephone = '" . $this->db->escape($data['telephone']) . "', fax = '" . $this->db->escape($data['fax']) . "' WHERE customer_id = '" . (int)$this->customer->getId() . "'");
MOD DETAILS:
   modFile   : C:\wamp\www\fittedalarms\vqmod/xml/add-new-module-position.xml
   id        : Add new module positions (Menu - Footer)
   version   : 1.0.1
   vqmver    : 2.3.0
   author    : Fabius - http://opencartit.altervista.org
SEARCH NOT FOUND (ABORTING MOD): <?php echo $powered; ?>

----------------------------------------------------------------------


---------- Date: 2014-05-26 12:03:20 ~ IP : 127.0.0.1 ----------
REQUEST URI : /index.php?route=account/login
DOM UNABLE TO LOAD: C:\wamp\www\fittedalarms\vqmod/xml/checkoutdesign_changes.xml
MOD DETAILS:
   modFile   : C:\wamp\www\fittedalarms\vqmod/xml/anterp.xml
   id        : AntERP Data Sync Suites
   version   : 1.5.5.x
   vqmver    : 2.3.0
   author    : tclim - www.anterp.com
SEARCH NOT FOUND (ABORTING MOD): $this->db->query("UPDATE " . DB_PREFIX . "customer SET firstname = '" . $this->db->escape($data['firstname']) . "', lastname = '" . $this->db->escape($data['lastname']) . "', email = '" . $this->db->escape($data['email']) . "', telephone = '" . $this->db->escape($data['telephone']) . "', fax = '" . $this->db->escape($data['fax']) . "' WHERE customer_id = '" . (int)$this->customer->getId() . "'");
----------------------------------------------------------------------


---------- Date: 2014-05-26 12:03:21 ~ IP : 127.0.0.1 ----------
REQUEST URI : /index.php?route=account/account
DOM UNABLE TO LOAD: C:\wamp\www\fittedalarms\vqmod/xml/checkoutdesign_changes.xml
MOD DETAILS:
   modFile   : C:\wamp\www\fittedalarms\vqmod/xml/add-new-module-position.xml
   id        : Add new module positions (Menu - Footer)
   version   : 1.0.1
   vqmver    : 2.3.0
   author    : Fabius - http://opencartit.altervista.org
SEARCH NOT FOUND (ABORTING MOD): <?php echo $powered; ?>

----------------------------------------------------------------------


---------- Date: 2014-05-26 12:03:27 ~ IP : 127.0.0.1 ----------
REQUEST URI : /index.php?route=account/logout
DOM UNABLE TO LOAD: C:\wamp\www\fittedalarms\vqmod/xml/checkoutdesign_changes.xml
----------------------------------------------------------------------


---------- Date: 2014-05-26 12:03:27 ~ IP : 127.0.0.1 ----------
REQUEST URI : /index.php?route=account/logout
DOM UNABLE TO LOAD: C:\wamp\www\fittedalarms\vqmod/xml/checkoutdesign_changes.xml
MOD DETAILS:
   modFile   : C:\wamp\www\fittedalarms\vqmod/xml/add-new-module-position.xml
   id        : Add new module positions (Menu - Footer)
   version   : 1.0.1
   vqmver    : 2.3.0
   author    : Fabius - http://opencartit.altervista.org
SEARCH NOT FOUND (ABORTING MOD): <?php echo $powered; ?>

MOD DETAILS:
   modFile   : C:\wamp\www\fittedalarms\vqmod/xml/replace_successtpl.xml
   id        : Replace page
   version   : 2.1
   vqmver    : 2.0
   author    : lorath
SEARCH NOT FOUND (ABORTING MOD): <?php echo $header; ?><?php echo $column_left; ?><?php echo $column_right; ?>

----------------------------------------------------------------------


