---------- Date: 2014-05-17 06:43:13 ~ IP : 127.0.0.1 ----------
REQUEST URI : /
DOM UNABLE TO LOAD: C:\wamp\www\fittedalarms\vqmod/xml/checkoutdesign_changes.xml
MOD DETAILS:
   modFile   : C:\wamp\www\fittedalarms\vqmod/xml/add-new-module-position.xml
   id        : Add new module positions (Menu - Footer)
   version   : 1.0.1
   vqmver    : 2.3.0
   author    : Fabius - http://opencartit.altervista.org
SEARCH NOT FOUND (ABORTING MOD): <?php echo $powered; ?>

----------------------------------------------------------------------


---------- Date: 2014-05-17 06:43:42 ~ IP : 127.0.0.1 ----------
REQUEST URI : /index.php?route=product/category&amp;path=113&amp;quick_link=5
DOM UNABLE TO LOAD: C:\wamp\www\fittedalarms\vqmod/xml/checkoutdesign_changes.xml
MOD DETAILS:
   modFile   : C:\wamp\www\fittedalarms\vqmod/xml/add-new-module-position.xml
   id        : Add new module positions (Menu - Footer)
   version   : 1.0.1
   vqmver    : 2.3.0
   author    : Fabius - http://opencartit.altervista.org
SEARCH NOT FOUND (ABORTING MOD): <?php echo $powered; ?>

MOD DETAILS:
   modFile   : C:\wamp\www\fittedalarms\vqmod/xml/text_replace.xml
   id        : text replace
   version   : 2.1
   vqmver    : 2.0
   author    : lorath
SEARCH NOT FOUND (ABORTING MOD): <div class="cart"><a class='button' onclick="addToCart('<?php echo $product['product_id']; ?>');"><span>
				 	<?php echo $button_cart; ?></span></a></div>

----------------------------------------------------------------------


---------- Date: 2014-05-17 07:17:49 ~ IP : 127.0.0.1 ----------
REQUEST URI : /index.php?route=common/home
DOM UNABLE TO LOAD: C:\wamp\www\fittedalarms\vqmod/xml/checkoutdesign_changes.xml
MOD DETAILS:
   modFile   : C:\wamp\www\fittedalarms\vqmod/xml/add-new-module-position.xml
   id        : Add new module positions (Menu - Footer)
   version   : 1.0.1
   vqmver    : 2.3.0
   author    : Fabius - http://opencartit.altervista.org
SEARCH NOT FOUND (ABORTING MOD): <?php echo $powered; ?>

----------------------------------------------------------------------


---------- Date: 2014-05-17 07:35:06 ~ IP : 127.0.0.1 ----------
REQUEST URI : /index.php?route=common/home
DOM UNABLE TO LOAD: C:\wamp\www\fittedalarms\vqmod/xml/checkoutdesign_changes.xml
MOD DETAILS:
   modFile   : C:\wamp\www\fittedalarms\vqmod/xml/add-new-module-position.xml
   id        : Add new module positions (Menu - Footer)
   version   : 1.0.1
   vqmver    : 2.3.0
   author    : Fabius - http://opencartit.altervista.org
SEARCH NOT FOUND (ABORTING MOD): <?php echo $powered; ?>

----------------------------------------------------------------------


---------- Date: 2014-05-17 07:35:24 ~ IP : 127.0.0.1 ----------
REQUEST URI : /index.php?route=information/video
DOM UNABLE TO LOAD: C:\wamp\www\fittedalarms\vqmod/xml/checkoutdesign_changes.xml
MOD DETAILS:
   modFile   : C:\wamp\www\fittedalarms\vqmod/xml/add-new-module-position.xml
   id        : Add new module positions (Menu - Footer)
   version   : 1.0.1
   vqmver    : 2.3.0
   author    : Fabius - http://opencartit.altervista.org
SEARCH NOT FOUND (ABORTING MOD): <?php echo $powered; ?>

----------------------------------------------------------------------


---------- Date: 2014-05-17 07:35:31 ~ IP : 127.0.0.1 ----------
REQUEST URI : /
DOM UNABLE TO LOAD: C:\wamp\www\fittedalarms\vqmod/xml/checkoutdesign_changes.xml
MOD DETAILS:
   modFile   : C:\wamp\www\fittedalarms\vqmod/xml/add-new-module-position.xml
   id        : Add new module positions (Menu - Footer)
   version   : 1.0.1
   vqmver    : 2.3.0
   author    : Fabius - http://opencartit.altervista.org
SEARCH NOT FOUND (ABORTING MOD): <?php echo $powered; ?>

----------------------------------------------------------------------


---------- Date: 2014-05-17 07:35:36 ~ IP : 127.0.0.1 ----------
REQUEST URI : /index.php?route=information/faq
DOM UNABLE TO LOAD: C:\wamp\www\fittedalarms\vqmod/xml/checkoutdesign_changes.xml
MOD DETAILS:
   modFile   : C:\wamp\www\fittedalarms\vqmod/xml/add-new-module-position.xml
   id        : Add new module positions (Menu - Footer)
   version   : 1.0.1
   vqmver    : 2.3.0
   author    : Fabius - http://opencartit.altervista.org
SEARCH NOT FOUND (ABORTING MOD): <?php echo $powered; ?>

----------------------------------------------------------------------


---------- Date: 2014-05-17 07:35:53 ~ IP : 127.0.0.1 ----------
REQUEST URI : /index.php?route=common/home
DOM UNABLE TO LOAD: C:\wamp\www\fittedalarms\vqmod/xml/checkoutdesign_changes.xml
MOD DETAILS:
   modFile   : C:\wamp\www\fittedalarms\vqmod/xml/add-new-module-position.xml
   id        : Add new module positions (Menu - Footer)
   version   : 1.0.1
   vqmver    : 2.3.0
   author    : Fabius - http://opencartit.altervista.org
SEARCH NOT FOUND (ABORTING MOD): <?php echo $powered; ?>

----------------------------------------------------------------------


---------- Date: 2014-05-17 07:36:43 ~ IP : 127.0.0.1 ----------
REQUEST URI : /index.php?route=information/areascovered
DOM UNABLE TO LOAD: C:\wamp\www\fittedalarms\vqmod/xml/checkoutdesign_changes.xml
MOD DETAILS:
   modFile   : C:\wamp\www\fittedalarms\vqmod/xml/add-new-module-position.xml
   id        : Add new module positions (Menu - Footer)
   version   : 1.0.1
   vqmver    : 2.3.0
   author    : Fabius - http://opencartit.altervista.org
SEARCH NOT FOUND (ABORTING MOD): <?php echo $powered; ?>

----------------------------------------------------------------------


