---------- Date: 2014-05-27 08:54:44 ~ IP : 127.0.0.1 ----------
REQUEST URI : /admin/
DOM UNABLE TO LOAD: C:\wamp\www\fittedalarms\vqmod/xml/checkoutdesign_changes.xml
----------------------------------------------------------------------


---------- Date: 2014-05-27 08:54:47 ~ IP : 127.0.0.1 ----------
REQUEST URI : /admin/index.php?route=common/login
DOM UNABLE TO LOAD: C:\wamp\www\fittedalarms\vqmod/xml/checkoutdesign_changes.xml
----------------------------------------------------------------------


---------- Date: 2014-05-27 08:54:49 ~ IP : 127.0.0.1 ----------
REQUEST URI : /admin/index.php?route=common/home&amp;token=32d24b98fdca2d60e84cbd457929c8e4
DOM UNABLE TO LOAD: C:\wamp\www\fittedalarms\vqmod/xml/checkoutdesign_changes.xml
----------------------------------------------------------------------


---------- Date: 2014-05-27 08:54:49 ~ IP : 127.0.0.1 ----------
REQUEST URI : /admin/index.php?route=common/home/chart&amp;token=32d24b98fdca2d60e84cbd457929c8e4&amp;range=day
DOM UNABLE TO LOAD: C:\wamp\www\fittedalarms\vqmod/xml/checkoutdesign_changes.xml
----------------------------------------------------------------------


---------- Date: 2014-05-27 08:54:55 ~ IP : 127.0.0.1 ----------
REQUEST URI : /admin/index.php?route=extension/payment&amp;token=32d24b98fdca2d60e84cbd457929c8e4
DOM UNABLE TO LOAD: C:\wamp\www\fittedalarms\vqmod/xml/checkoutdesign_changes.xml
----------------------------------------------------------------------


---------- Date: 2014-05-27 08:54:59 ~ IP : 127.0.0.1 ----------
REQUEST URI : /admin/index.php?route=payment/worldpay&amp;token=32d24b98fdca2d60e84cbd457929c8e4
DOM UNABLE TO LOAD: C:\wamp\www\fittedalarms\vqmod/xml/checkoutdesign_changes.xml
----------------------------------------------------------------------


